<?xml version="1.0" encoding="UTF-8"?>
<!-- Generated by org.testng.reporters.JUnitReportReporter -->
<testsuite hostname="LAPTOP-13NBT9K7" failures="0" tests="1" name="org.testNG2.Parameterization" time="7.424" errors="0" timestamp="2022-11-16T18:30:04 IST" skipped="0">
  <testcase classname="org.testNG2.Parameterization" name="verifyDashboardTitle" time="7.424"/>
  <system-out/>
</testsuite> <!-- org.testNG2.Parameterization -->
