<?xml version="1.0" encoding="UTF-8"?>
<!-- Generated by org.testng.reporters.JUnitReportReporter -->
<testsuite hostname="LAPTOP-13NBT9K7" failures="0" tests="1" name="org.beforeMethod.NewTest" time="7.320" errors="0" timestamp="2022-11-13T13:02:42 IST" skipped="0">
  <testcase classname="org.beforeMethod.NewTest" name="verifyLoginPageUrl" time="7.320"/>
  <system-out/>
</testsuite> <!-- org.beforeMethod.NewTest -->
