<?xml version="1.0" encoding="UTF-8"?>
<!-- Generated by org.testng.reporters.JUnitReportReporter -->
<testsuite hostname="LAPTOP-13NBT9K7" failures="0" tests="1" name="org.testNG4.AssertionsTestNG" time="12.747" errors="0" timestamp="2022-11-14T20:27:44 IST" skipped="0">
  <testcase classname="org.testNG4.AssertionsTestNG" name="verifyPageTitle" time="12.747"/>
  <system-out/>
</testsuite> <!-- org.testNG4.AssertionsTestNG -->
