<?xml version="1.0" encoding="UTF-8"?>
<!-- Generated by org.testng.reporters.JUnitReportReporter -->
<testsuite hostname="LAPTOP-13NBT9K7" failures="0" tests="3" name="org.testNG.ExecutionASCII" time="0.010" errors="0" timestamp="2022-10-26T20:30:11 IST" skipped="0">
  <testcase classname="org.testNG.ExecutionASCII" name="tEstMethod2" time="0.001"/>
  <system-out/>
  <testcase classname="org.testNG.ExecutionASCII" name="testMethod3" time="0.001"/>
  <system-out/>
  <testcase classname="org.testNG.ExecutionASCII" name="TestMethod1" time="0.008"/>
  <system-out/>
</testsuite> <!-- org.testNG.ExecutionASCII -->
