<?xml version="1.0" encoding="UTF-8"?>
<!-- Generated by org.testng.reporters.JUnitReportReporter -->
<testsuite hostname="LAPTOP-13NBT9K7" failures="0" tests="3" name="org.testNG3.ParallelTesting" time="24.064" errors="0" timestamp="2022-11-14T17:21:08 IST" skipped="0">
  <testcase classname="org.testNG3.ParallelTesting" name="facebook" time="8.362"/>
  <system-out/>
  <testcase classname="org.testNG3.ParallelTesting" name="amazon" time="9.348"/>
  <system-out/>
  <testcase classname="org.testNG3.ParallelTesting" name="google" time="6.354"/>
  <system-out/>
</testsuite> <!-- org.testNG3.ParallelTesting -->
