<?xml version="1.0" encoding="UTF-8"?>
<!-- Generated by org.testng.reporters.JUnitReportReporter -->
<testsuite hostname="LAPTOP-13NBT9K7" failures="0" tests="2" name="org.testNG3.ParallelTesting3" time="30.056" errors="0" timestamp="2022-11-14T18:02:23 IST" skipped="0">
  <testcase classname="org.testNG3.ParallelTesting3" name="amazon" time="8.855"/>
  <system-out/>
  <testcase classname="org.testNG3.ParallelTesting3" name="flipkart" time="21.201"/>
  <system-out/>
</testsuite> <!-- org.testNG3.ParallelTesting3 -->
