<?xml version="1.0" encoding="UTF-8"?>
<!-- Generated by org.testng.reporters.JUnitReportReporter -->
<testsuite hostname="LAPTOP-13NBT9K7" failures="0" tests="4" name="org.testNG2.DataProviderEx" time="35.232" errors="0" timestamp="2022-11-14T10:58:25 IST" skipped="0">
  <testcase classname="org.testNG2.DataProviderEx" name="verifyDashboardTitle" time="12.924"/>
  <system-out/>
  <testcase classname="org.testNG2.DataProviderEx" name="verifyDashboardTitle" time="8.342"/>
  <system-out/>
  <testcase classname="org.testNG2.DataProviderEx" name="verifyDashboardTitle" time="7.168"/>
  <system-out/>
  <testcase classname="org.testNG2.DataProviderEx" name="verifyDashboardTitle" time="6.798"/>
  <system-out/>
</testsuite> <!-- org.testNG2.DataProviderEx -->
