<?xml version="1.0" encoding="UTF-8"?>
<!-- Generated by org.testng.reporters.JUnitReportReporter -->
<testsuite hostname="LAPTOP-13NBT9K7" failures="0" tests="1" name="org.testNG.VerifyPageTitleBSuit" time="11.153" errors="0" timestamp="2022-11-13T13:29:17 IST" skipped="0">
  <testcase classname="org.testNG.VerifyPageTitleBSuit" name="verifyDashboardTitle" time="11.153"/>
  <system-out/>
</testsuite> <!-- org.testNG.VerifyPageTitleBSuit -->
