<?xml version="1.0" encoding="UTF-8"?>
<!-- Generated by org.testng.reporters.JUnitReportReporter -->
<testsuite hostname="LAPTOP-13NBT9K7" failures="0" tests="3" name="org.testNG.Example1" time="0.018" errors="0" timestamp="2022-11-10T14:52:52 IST" skipped="0">
  <testcase classname="org.testNG.Example1" name="testMethod2" time="0.002"/>
  <system-out/>
  <testcase classname="org.testNG.Example1" name="testMethod3" time="0.002"/>
  <system-out/>
  <testcase classname="org.testNG.Example1" name="testMethod1" time="0.014"/>
  <system-out/>
</testsuite> <!-- org.testNG.Example1 -->
