<?xml version="1.0" encoding="UTF-8"?>
<!-- Generated by org.testng.reporters.JUnitReportReporter -->
<testsuite hostname="LAPTOP-13NBT9K7" failures="0" tests="2" name="org.testNG2.DataProviderOptimized" time="20.791" errors="0" timestamp="2022-11-14T11:40:13 IST" skipped="0">
  <testcase classname="org.testNG2.DataProviderOptimized" name="verifyDashboardTitle" time="7.452"/>
  <system-out/>
  <testcase classname="org.testNG2.DataProviderOptimized" name="verifyDashboardTitle" time="13.339"/>
  <system-out/>
</testsuite> <!-- org.testNG2.DataProviderOptimized -->
