<?xml version="1.0" encoding="UTF-8"?>
<!-- Generated by org.testng.reporters.JUnitReportReporter -->
<testsuite hostname="LAPTOP-13NBT9K7" failures="0" tests="1" name="org.testNG2.DataProvider" time="12.635" errors="0" timestamp="2022-11-14T10:48:15 IST" skipped="0">
  <testcase classname="org.testNG2.DataProvider" name="verifyDashboardTitle" time="12.635"/>
  <system-out/>
</testsuite> <!-- org.testNG2.DataProvider -->
