<?xml version="1.0" encoding="UTF-8"?>
<!-- Generated by org.testng.reporters.JUnitReportReporter -->
<testsuite hostname="LAPTOP-13NBT9K7" failures="0" tests="1" name="org.testNG.FaceBookLogin" time="11.525" errors="0" timestamp="2022-10-27T13:46:31 IST" skipped="0">
  <testcase classname="org.testNG.FaceBookLogin" name="verifyDashboardTitle" time="11.525"/>
  <system-out/>
</testsuite> <!-- org.testNG.FaceBookLogin -->
