<?xml version="1.0" encoding="UTF-8"?>
<!-- Generated by org.testng.reporters.JUnitReportReporter -->
<testsuite hostname="LAPTOP-13NBT9K7" failures="0" tests="2" name="org.testNG2.DataProviderEx2" time="23.094" errors="0" timestamp="2022-11-14T11:03:45 IST" skipped="0">
  <testcase classname="org.testNG2.DataProviderEx2" name="verifyDashboardTitle" time="15.349"/>
  <system-out/>
  <testcase classname="org.testNG2.DataProviderEx2" name="verifyDashboardTitle" time="7.745"/>
  <system-out/>
</testsuite> <!-- org.testNG2.DataProviderEx2 -->
