<?xml version="1.0" encoding="UTF-8"?>
<!-- Generated by org.testng.reporters.JUnitReportReporter -->
<testsuite hostname="LAPTOP-13NBT9K7" failures="0" tests="1" name="org.testNG4.HardAssertionFacebookk" time="11.955" errors="0" timestamp="2022-11-16T00:42:53 IST" skipped="0">
  <testcase classname="org.testNG4.HardAssertionFacebookk" name="verifyPageTitle" time="11.955"/>
  <system-out/>
</testsuite> <!-- org.testNG4.HardAssertionFacebookk -->
