<?xml version="1.0" encoding="UTF-8"?>
<!-- Generated by org.testng.reporters.JUnitReportReporter -->
<testsuite hostname="LAPTOP-13NBT9K7" failures="0" tests="2" name="org.testNG3.ParallelTesting2" time="15.459" errors="0" timestamp="2022-11-14T18:02:23 IST" skipped="0">
  <testcase classname="org.testNG3.ParallelTesting2" name="google" time="7.686"/>
  <system-out/>
  <testcase classname="org.testNG3.ParallelTesting2" name="facebook" time="7.773"/>
  <system-out/>
</testsuite> <!-- org.testNG3.ParallelTesting2 -->
