<?xml version="1.0" encoding="UTF-8"?>
<!-- Generated by org.testng.reporters.JUnitReportReporter -->
<testsuite hostname="LAPTOP-13NBT9K7" failures="0" tests="3" name="org.testNG2.EnabledisEqualToTrue" time="0.018" errors="0" timestamp="2022-11-14T16:44:34 IST" skipped="1">
  <testcase classname="org.testNG2.EnabledisEqualToTrue" name="hello1" time="0.016"/>
  <system-out/>
  <testcase classname="org.testNG2.EnabledisEqualToTrue" name="hello3" time="0.002"/>
  <system-out/>
  <testcase classname="org.testNG2.EnabledisEqualToTrue" name="hello2">
    <skipped/>
  </testcase> <!-- hello2 -->
  <system-out/>
</testsuite> <!-- org.testNG2.EnabledisEqualToTrue -->
