<?xml version="1.0" encoding="UTF-8"?>
<!-- Generated by org.testng.reporters.JUnitReportReporter -->
<testsuite hostname="LAPTOP-13NBT9K7" failures="0" tests="3" name="org.testNG2.FaceBookLogin2" time="25.595" errors="0" timestamp="2022-11-13T18:57:21 IST" skipped="0">
  <testcase classname="org.testNG2.FaceBookLogin2" name="verifyDashboardTitle" time="8.314"/>
  <system-out/>
  <testcase classname="org.testNG2.FaceBookLogin2" name="verifyDashboardTitle" time="8.345"/>
  <system-out/>
  <testcase classname="org.testNG2.FaceBookLogin2" name="verifyDashboardTitle" time="8.936"/>
  <system-out/>
</testsuite> <!-- org.testNG2.FaceBookLogin2 -->
