<?xml version="1.0" encoding="UTF-8"?>
<!-- Generated by org.testng.reporters.JUnitReportReporter -->
<testsuite hostname="LAPTOP-13NBT9K7" failures="0" tests="2" name="org.testNG3.Groupings" time="0.019" errors="0" timestamp="2022-11-14T17:06:42 IST" skipped="0">
  <testcase classname="org.testNG3.Groupings" name="hello6" time="0.002"/>
  <system-out/>
  <testcase classname="org.testNG3.Groupings" name="hello2" time="0.017"/>
  <system-out/>
</testsuite> <!-- org.testNG3.Groupings -->
