<?xml version="1.0" encoding="UTF-8"?>
<!-- Generated by org.testng.reporters.JUnitReportReporter -->
<testsuite hostname="LAPTOP-13NBT9K7" failures="0" tests="1" name="org.testNG4.SoftAssertionFacebookk" time="12.209" errors="0" timestamp="2022-11-14T22:40:38 IST" skipped="0">
  <testcase classname="org.testNG4.SoftAssertionFacebookk" name="verifyPageTitle" time="12.209"/>
  <system-out/>
</testsuite> <!-- org.testNG4.SoftAssertionFacebookk -->
