<?xml version="1.0" encoding="UTF-8"?>
<!-- Generated by org.testng.reporters.JUnitReportReporter -->
<testsuite hostname="LAPTOP-13NBT9K7" failures="0" tests="2" name="org.testNG.VerifyPageTitle" time="12.536" errors="0" timestamp="2022-11-13T12:44:22 IST" skipped="0">
  <testcase classname="org.testNG.VerifyPageTitle" name="verifyDashboardTitle" time="9.881"/>
  <system-out/>
  <testcase classname="org.testNG.VerifyPageTitle" name="verifyCurrentUrl" time="2.655"/>
  <system-out/>
</testsuite> <!-- org.testNG.VerifyPageTitle -->
