<?xml version="1.0" encoding="UTF-8"?>
<!-- Generated by org.testng.reporters.JUnitReportReporter -->
<testsuite hostname="LAPTOP-13NBT9K7" failures="0" tests="3" name="org.testNG.ExecutionPriority" time="0.020" errors="0" timestamp="2022-10-26T20:33:48 IST" skipped="0">
  <testcase classname="org.testNG.ExecutionPriority" name="testMethod3" time="0.013"/>
  <system-out/>
  <testcase classname="org.testNG.ExecutionPriority" name="tEstMethod2" time="0.004"/>
  <system-out/>
  <testcase classname="org.testNG.ExecutionPriority" name="TestMethod1" time="0.003"/>
  <system-out/>
</testsuite> <!-- org.testNG.ExecutionPriority -->
