<?xml version="1.0" encoding="UTF-8"?>
<!-- Generated by org.testng.reporters.JUnitReportReporter -->
<testsuite hostname="LAPTOP-13NBT9K7" failures="0" tests="1" name="com.OrangeHRM.TestCases.POMVerifyFunctionalityOfLogin" time="13.300" errors="0" timestamp="2022-11-15T23:54:10 IST" skipped="0">
  <testcase classname="com.OrangeHRM.TestCases.POMVerifyFunctionalityOfLogin" name="verifyVisibilityOfLogin" time="13.300"/>
  <system-out/>
</testsuite> <!-- com.OrangeHRM.TestCases.POMVerifyFunctionalityOfLogin -->
