<?xml version="1.0" encoding="UTF-8"?>
<!-- Generated by org.testng.reporters.JUnitReportReporter -->
<testsuite hostname="LAPTOP-13NBT9K7" failures="0" tests="1" name="com.OrangeHRM.TestCases.VerifyOrangeHRMLogin" time="22.192" errors="0" timestamp="2022-11-15T20:30:25 IST" skipped="0">
  <testcase classname="com.OrangeHRM.TestCases.VerifyOrangeHRMLogin" name="verifyValidLogin" time="22.192"/>
  <system-out/>
</testsuite> <!-- com.OrangeHRM.TestCases.VerifyOrangeHRMLogin -->
