<?xml version="1.0" encoding="UTF-8"?>
<!-- Generated by org.testng.reporters.JUnitReportReporter -->
<testsuite hostname="LAPTOP-13NBT9K7" failures="0" tests="1" name="org.testNG4.AssertionsTestNG2" time="11.577" errors="0" timestamp="2022-11-14T22:06:44 IST" skipped="0">
  <testcase classname="org.testNG4.AssertionsTestNG2" name="verifyPageTitle" time="11.577"/>
  <system-out/>
</testsuite> <!-- org.testNG4.AssertionsTestNG2 -->
