<?xml version="1.0" encoding="UTF-8"?>
<!-- Generated by org.testng.reporters.JUnitReportReporter -->
<testsuite hostname="LAPTOP-13NBT9K7" failures="0" tests="2" name="org.testNG.STCMMCSTC" time="0.010" errors="0" timestamp="2022-10-27T16:19:17 IST" skipped="0">
  <testcase classname="org.testNG.STCMMCSTC" name="imMethod" time="0.002"/>
  <system-out/>
  <testcase classname="org.testNG.STCMMCSTC" name="imClass" time="0.008"/>
  <system-out/>
</testsuite> <!-- org.testNG.STCMMCSTC -->
